<?xml version="1.0" encoding="UTF-8"?>
<testsuite xmlns:xsi="http://www.w3.org/2001/XMLSchema-instance" xsi:noNamespaceSchemaLocation="https://maven.apache.org/surefire/maven-surefire-plugin/xsd/surefire-test-report-3.0.xsd" version="3.0" name="eu.kgorecki.rpgame.engine.TesSpec" time="0.082" tests="1" errors="0" skipped="0" failures="0">
  <properties>
    <property name="sun.desktop" value="windows"/>
    <property name="awt.toolkit" value="sun.awt.windows.WToolkit"/>
    <property name="java.specification.version" value="12"/>
    <property name="sun.cpu.isalist" value="amd64"/>
    <property name="sun.jnu.encoding" value="Cp1250"/>
    <property name="java.class.path" value="F:\Projects\rpgame\engine\target\test-classes;C:\Users\karol\.m2\repository\org\spockframework\spock-core\1.3-groovy-2.5\spock-core-1.3-groovy-2.5.jar;C:\Users\karol\.m2\repository\org\codehaus\groovy\groovy\2.5.4\groovy-2.5.4.jar;C:\Users\karol\.m2\repository\org\codehaus\groovy\groovy-json\2.5.4\groovy-json-2.5.4.jar;C:\Users\karol\.m2\repository\org\codehaus\groovy\groovy-nio\2.5.4\groovy-nio-2.5.4.jar;C:\Users\karol\.m2\repository\org\codehaus\groovy\groovy-macro\2.5.4\groovy-macro-2.5.4.jar;C:\Users\karol\.m2\repository\org\codehaus\groovy\groovy-templates\2.5.4\groovy-templates-2.5.4.jar;C:\Users\karol\.m2\repository\org\codehaus\groovy\groovy-test\2.5.4\groovy-test-2.5.4.jar;C:\Users\karol\.m2\repository\org\codehaus\groovy\groovy-sql\2.5.4\groovy-sql-2.5.4.jar;C:\Users\karol\.m2\repository\org\codehaus\groovy\groovy-xml\2.5.4\groovy-xml-2.5.4.jar;C:\Users\karol\.m2\repository\junit\junit\4.12\junit-4.12.jar;C:\Users\karol\.m2\repository\org\hamcrest\hamcrest-core\1.3\hamcrest-core-1.3.jar;C:\Users\karol\.m2\repository\org\junit\vintage\junit-vintage-engine\5.3.2\junit-vintage-engine-5.3.2.jar;C:\Users\karol\.m2\repository\org\apiguardian\apiguardian-api\1.0.0\apiguardian-api-1.0.0.jar;C:\Users\karol\.m2\repository\org\junit\platform\junit-platform-engine\1.3.2\junit-platform-engine-1.3.2.jar;C:\Users\karol\.m2\repository\org\junit\platform\junit-platform-commons\1.3.2\junit-platform-commons-1.3.2.jar;C:\Users\karol\.m2\repository\org\opentest4j\opentest4j\1.1.1\opentest4j-1.1.1.jar;C:\Users\karol\.m2\repository\org\codehaus\groovy\groovy-ant\2.5.4\groovy-ant-2.5.4.jar;C:\Users\karol\.m2\repository\org\apache\ant\ant\1.9.13\ant-1.9.13.jar;C:\Users\karol\.m2\repository\org\apache\ant\ant-junit\1.9.13\ant-junit-1.9.13.jar;C:\Users\karol\.m2\repository\org\apache\ant\ant-launcher\1.9.13\ant-launcher-1.9.13.jar;C:\Users\karol\.m2\repository\org\apache\ant\ant-antlr\1.9.13\ant-antlr-1.9.13.jar;C:\Users\karol\.m2\repository\org\codehaus\groovy\groovy-cli-commons\2.5.4\groovy-cli-commons-2.5.4.jar;C:\Users\karol\.m2\repository\commons-cli\commons-cli\1.4\commons-cli-1.4.jar;C:\Users\karol\.m2\repository\org\codehaus\groovy\groovy-cli-picocli\2.5.4\groovy-cli-picocli-2.5.4.jar;C:\Users\karol\.m2\repository\info\picocli\picocli\3.7.0\picocli-3.7.0.jar;C:\Users\karol\.m2\repository\org\codehaus\groovy\groovy-console\2.5.4\groovy-console-2.5.4.jar;C:\Users\karol\.m2\repository\org\codehaus\groovy\groovy-datetime\2.5.4\groovy-datetime-2.5.4.jar;C:\Users\karol\.m2\repository\org\codehaus\groovy\groovy-docgenerator\2.5.4\groovy-docgenerator-2.5.4.jar;C:\Users\karol\.m2\repository\com\thoughtworks\qdox\qdox\1.12.1\qdox-1.12.1.jar;C:\Users\karol\.m2\repository\org\codehaus\groovy\groovy-groovydoc\2.5.4\groovy-groovydoc-2.5.4.jar;C:\Users\karol\.m2\repository\org\codehaus\groovy\groovy-groovysh\2.5.4\groovy-groovysh-2.5.4.jar;C:\Users\karol\.m2\repository\jline\jline\2.14.6\jline-2.14.6.jar;C:\Users\karol\.m2\repository\org\codehaus\groovy\groovy-jmx\2.5.4\groovy-jmx-2.5.4.jar;C:\Users\karol\.m2\repository\org\codehaus\groovy\groovy-jsr223\2.5.4\groovy-jsr223-2.5.4.jar;C:\Users\karol\.m2\repository\org\codehaus\groovy\groovy-servlet\2.5.4\groovy-servlet-2.5.4.jar;C:\Users\karol\.m2\repository\org\codehaus\groovy\groovy-swing\2.5.4\groovy-swing-2.5.4.jar;C:\Users\karol\.m2\repository\org\codehaus\groovy\groovy-test-junit5\2.5.4\groovy-test-junit5-2.5.4.jar;C:\Users\karol\.m2\repository\org\junit\platform\junit-platform-launcher\1.3.1\junit-platform-launcher-1.3.1.jar;C:\Users\karol\.m2\repository\org\junit\jupiter\junit-jupiter-engine\5.3.1\junit-jupiter-engine-5.3.1.jar;C:\Users\karol\.m2\repository\org\junit\jupiter\junit-jupiter-api\5.3.1\junit-jupiter-api-5.3.1.jar;C:\Users\karol\.m2\repository\org\codehaus\groovy\groovy-testng\2.5.4\groovy-testng-2.5.4.jar;C:\Users\karol\.m2\repository\org\testng\testng\6.13.1\testng-6.13.1.jar;C:\Users\karol\.m2\repository\com\beust\jcommander\1.72\jcommander-1.72.jar;"/>
    <property name="java.vm.vendor" value="Oracle Corporation"/>
    <property name="sun.arch.data.model" value="64"/>
    <property name="user.variant" value=""/>
    <property name="java.vendor.url" value="https://java.oracle.com/"/>
    <property name="user.timezone" value="Europe/Warsaw"/>
    <property name="os.name" value="Windows 10"/>
    <property name="java.vm.specification.version" value="12"/>
    <property name="sun.java.launcher" value="SUN_STANDARD"/>
    <property name="user.country" value="PL"/>
    <property name="sun.boot.library.path" value="D:\Java\jdk-12.0.1\bin"/>
    <property name="sun.java.command" value="org.apache.maven.surefire.booter.ForkedBooter C:\Users\karol\AppData\Local\Temp\surefire3039010487412427167 2019-06-20T20-06-14_691-jvmRun1 surefire57797087371116765tmp surefire_017411073192112868175tmp"/>
    <property name="jdk.debug" value="release"/>
    <property name="surefire.test.class.path" value="F:\Projects\rpgame\engine\target\test-classes;C:\Users\karol\.m2\repository\org\spockframework\spock-core\1.3-groovy-2.5\spock-core-1.3-groovy-2.5.jar;C:\Users\karol\.m2\repository\org\codehaus\groovy\groovy\2.5.4\groovy-2.5.4.jar;C:\Users\karol\.m2\repository\org\codehaus\groovy\groovy-json\2.5.4\groovy-json-2.5.4.jar;C:\Users\karol\.m2\repository\org\codehaus\groovy\groovy-nio\2.5.4\groovy-nio-2.5.4.jar;C:\Users\karol\.m2\repository\org\codehaus\groovy\groovy-macro\2.5.4\groovy-macro-2.5.4.jar;C:\Users\karol\.m2\repository\org\codehaus\groovy\groovy-templates\2.5.4\groovy-templates-2.5.4.jar;C:\Users\karol\.m2\repository\org\codehaus\groovy\groovy-test\2.5.4\groovy-test-2.5.4.jar;C:\Users\karol\.m2\repository\org\codehaus\groovy\groovy-sql\2.5.4\groovy-sql-2.5.4.jar;C:\Users\karol\.m2\repository\org\codehaus\groovy\groovy-xml\2.5.4\groovy-xml-2.5.4.jar;C:\Users\karol\.m2\repository\junit\junit\4.12\junit-4.12.jar;C:\Users\karol\.m2\repository\org\hamcrest\hamcrest-core\1.3\hamcrest-core-1.3.jar;C:\Users\karol\.m2\repository\org\junit\vintage\junit-vintage-engine\5.3.2\junit-vintage-engine-5.3.2.jar;C:\Users\karol\.m2\repository\org\apiguardian\apiguardian-api\1.0.0\apiguardian-api-1.0.0.jar;C:\Users\karol\.m2\repository\org\junit\platform\junit-platform-engine\1.3.2\junit-platform-engine-1.3.2.jar;C:\Users\karol\.m2\repository\org\junit\platform\junit-platform-commons\1.3.2\junit-platform-commons-1.3.2.jar;C:\Users\karol\.m2\repository\org\opentest4j\opentest4j\1.1.1\opentest4j-1.1.1.jar;C:\Users\karol\.m2\repository\org\codehaus\groovy\groovy-ant\2.5.4\groovy-ant-2.5.4.jar;C:\Users\karol\.m2\repository\org\apache\ant\ant\1.9.13\ant-1.9.13.jar;C:\Users\karol\.m2\repository\org\apache\ant\ant-junit\1.9.13\ant-junit-1.9.13.jar;C:\Users\karol\.m2\repository\org\apache\ant\ant-launcher\1.9.13\ant-launcher-1.9.13.jar;C:\Users\karol\.m2\repository\org\apache\ant\ant-antlr\1.9.13\ant-antlr-1.9.13.jar;C:\Users\karol\.m2\repository\org\codehaus\groovy\groovy-cli-commons\2.5.4\groovy-cli-commons-2.5.4.jar;C:\Users\karol\.m2\repository\commons-cli\commons-cli\1.4\commons-cli-1.4.jar;C:\Users\karol\.m2\repository\org\codehaus\groovy\groovy-cli-picocli\2.5.4\groovy-cli-picocli-2.5.4.jar;C:\Users\karol\.m2\repository\info\picocli\picocli\3.7.0\picocli-3.7.0.jar;C:\Users\karol\.m2\repository\org\codehaus\groovy\groovy-console\2.5.4\groovy-console-2.5.4.jar;C:\Users\karol\.m2\repository\org\codehaus\groovy\groovy-datetime\2.5.4\groovy-datetime-2.5.4.jar;C:\Users\karol\.m2\repository\org\codehaus\groovy\groovy-docgenerator\2.5.4\groovy-docgenerator-2.5.4.jar;C:\Users\karol\.m2\repository\com\thoughtworks\qdox\qdox\1.12.1\qdox-1.12.1.jar;C:\Users\karol\.m2\repository\org\codehaus\groovy\groovy-groovydoc\2.5.4\groovy-groovydoc-2.5.4.jar;C:\Users\karol\.m2\repository\org\codehaus\groovy\groovy-groovysh\2.5.4\groovy-groovysh-2.5.4.jar;C:\Users\karol\.m2\repository\jline\jline\2.14.6\jline-2.14.6.jar;C:\Users\karol\.m2\repository\org\codehaus\groovy\groovy-jmx\2.5.4\groovy-jmx-2.5.4.jar;C:\Users\karol\.m2\repository\org\codehaus\groovy\groovy-jsr223\2.5.4\groovy-jsr223-2.5.4.jar;C:\Users\karol\.m2\repository\org\codehaus\groovy\groovy-servlet\2.5.4\groovy-servlet-2.5.4.jar;C:\Users\karol\.m2\repository\org\codehaus\groovy\groovy-swing\2.5.4\groovy-swing-2.5.4.jar;C:\Users\karol\.m2\repository\org\codehaus\groovy\groovy-test-junit5\2.5.4\groovy-test-junit5-2.5.4.jar;C:\Users\karol\.m2\repository\org\junit\platform\junit-platform-launcher\1.3.1\junit-platform-launcher-1.3.1.jar;C:\Users\karol\.m2\repository\org\junit\jupiter\junit-jupiter-engine\5.3.1\junit-jupiter-engine-5.3.1.jar;C:\Users\karol\.m2\repository\org\junit\jupiter\junit-jupiter-api\5.3.1\junit-jupiter-api-5.3.1.jar;C:\Users\karol\.m2\repository\org\codehaus\groovy\groovy-testng\2.5.4\groovy-testng-2.5.4.jar;C:\Users\karol\.m2\repository\org\testng\testng\6.13.1\testng-6.13.1.jar;C:\Users\karol\.m2\repository\com\beust\jcommander\1.72\jcommander-1.72.jar;"/>
    <property name="sun.cpu.endian" value="little"/>
    <property name="user.home" value="C:\Users\karol"/>
    <property name="user.language" value="pl"/>
    <property name="java.specification.vendor" value="Oracle Corporation"/>
    <property name="jdk.module.path" value="F:\Projects\rpgame\engine\target\classes"/>
    <property name="java.version.date" value="2019-04-16"/>
    <property name="java.home" value="D:\Java\jdk-12.0.1"/>
    <property name="file.separator" value="\"/>
    <property name="basedir" value="F:\Projects\rpgame\engine"/>
    <property name="java.vm.compressedOopsMode" value="Zero based"/>
    <property name="line.separator" value="&#10;"/>
    <property name="java.vm.specification.vendor" value="Oracle Corporation"/>
    <property name="java.specification.name" value="Java Platform API Specification"/>
    <property name="java.awt.graphicsenv" value="sun.awt.Win32GraphicsEnvironment"/>
    <property name="surefire.real.class.path" value="C:\Users\karol\.m2\repository\org\apache\maven\surefire\surefire-booter\3.0.0-M3\surefire-booter-3.0.0-M3.jar;C:\Users\karol\.m2\repository\org\apache\maven\surefire\surefire-api\3.0.0-M3\surefire-api-3.0.0-M3.jar;C:\Users\karol\.m2\repository\org\apache\maven\surefire\surefire-logger-api\3.0.0-M3\surefire-logger-api-3.0.0-M3.jar;F:\Projects\rpgame\engine\target\test-classes;C:\Users\karol\.m2\repository\org\spockframework\spock-core\1.3-groovy-2.5\spock-core-1.3-groovy-2.5.jar;C:\Users\karol\.m2\repository\org\codehaus\groovy\groovy\2.5.4\groovy-2.5.4.jar;C:\Users\karol\.m2\repository\org\codehaus\groovy\groovy-json\2.5.4\groovy-json-2.5.4.jar;C:\Users\karol\.m2\repository\org\codehaus\groovy\groovy-nio\2.5.4\groovy-nio-2.5.4.jar;C:\Users\karol\.m2\repository\org\codehaus\groovy\groovy-macro\2.5.4\groovy-macro-2.5.4.jar;C:\Users\karol\.m2\repository\org\codehaus\groovy\groovy-templates\2.5.4\groovy-templates-2.5.4.jar;C:\Users\karol\.m2\repository\org\codehaus\groovy\groovy-test\2.5.4\groovy-test-2.5.4.jar;C:\Users\karol\.m2\repository\org\codehaus\groovy\groovy-sql\2.5.4\groovy-sql-2.5.4.jar;C:\Users\karol\.m2\repository\org\codehaus\groovy\groovy-xml\2.5.4\groovy-xml-2.5.4.jar;C:\Users\karol\.m2\repository\junit\junit\4.12\junit-4.12.jar;C:\Users\karol\.m2\repository\org\hamcrest\hamcrest-core\1.3\hamcrest-core-1.3.jar;C:\Users\karol\.m2\repository\org\junit\vintage\junit-vintage-engine\5.3.2\junit-vintage-engine-5.3.2.jar;C:\Users\karol\.m2\repository\org\apiguardian\apiguardian-api\1.0.0\apiguardian-api-1.0.0.jar;C:\Users\karol\.m2\repository\org\junit\platform\junit-platform-engine\1.3.2\junit-platform-engine-1.3.2.jar;C:\Users\karol\.m2\repository\org\junit\platform\junit-platform-commons\1.3.2\junit-platform-commons-1.3.2.jar;C:\Users\karol\.m2\repository\org\opentest4j\opentest4j\1.1.1\opentest4j-1.1.1.jar;C:\Users\karol\.m2\repository\org\codehaus\groovy\groovy-ant\2.5.4\groovy-ant-2.5.4.jar;C:\Users\karol\.m2\repository\org\apache\ant\ant\1.9.13\ant-1.9.13.jar;C:\Users\karol\.m2\repository\org\apache\ant\ant-junit\1.9.13\ant-junit-1.9.13.jar;C:\Users\karol\.m2\repository\org\apache\ant\ant-launcher\1.9.13\ant-launcher-1.9.13.jar;C:\Users\karol\.m2\repository\org\apache\ant\ant-antlr\1.9.13\ant-antlr-1.9.13.jar;C:\Users\karol\.m2\repository\org\codehaus\groovy\groovy-cli-commons\2.5.4\groovy-cli-commons-2.5.4.jar;C:\Users\karol\.m2\repository\commons-cli\commons-cli\1.4\commons-cli-1.4.jar;C:\Users\karol\.m2\repository\org\codehaus\groovy\groovy-cli-picocli\2.5.4\groovy-cli-picocli-2.5.4.jar;C:\Users\karol\.m2\repository\info\picocli\picocli\3.7.0\picocli-3.7.0.jar;C:\Users\karol\.m2\repository\org\codehaus\groovy\groovy-console\2.5.4\groovy-console-2.5.4.jar;C:\Users\karol\.m2\repository\org\codehaus\groovy\groovy-datetime\2.5.4\groovy-datetime-2.5.4.jar;C:\Users\karol\.m2\repository\org\codehaus\groovy\groovy-docgenerator\2.5.4\groovy-docgenerator-2.5.4.jar;C:\Users\karol\.m2\repository\com\thoughtworks\qdox\qdox\1.12.1\qdox-1.12.1.jar;C:\Users\karol\.m2\repository\org\codehaus\groovy\groovy-groovydoc\2.5.4\groovy-groovydoc-2.5.4.jar;C:\Users\karol\.m2\repository\org\codehaus\groovy\groovy-groovysh\2.5.4\groovy-groovysh-2.5.4.jar;C:\Users\karol\.m2\repository\jline\jline\2.14.6\jline-2.14.6.jar;C:\Users\karol\.m2\repository\org\codehaus\groovy\groovy-jmx\2.5.4\groovy-jmx-2.5.4.jar;C:\Users\karol\.m2\repository\org\codehaus\groovy\groovy-jsr223\2.5.4\groovy-jsr223-2.5.4.jar;C:\Users\karol\.m2\repository\org\codehaus\groovy\groovy-servlet\2.5.4\groovy-servlet-2.5.4.jar;C:\Users\karol\.m2\repository\org\codehaus\groovy\groovy-swing\2.5.4\groovy-swing-2.5.4.jar;C:\Users\karol\.m2\repository\org\codehaus\groovy\groovy-test-junit5\2.5.4\groovy-test-junit5-2.5.4.jar;C:\Users\karol\.m2\repository\org\junit\platform\junit-platform-launcher\1.3.1\junit-platform-launcher-1.3.1.jar;C:\Users\karol\.m2\repository\org\junit\jupiter\junit-jupiter-engine\5.3.1\junit-jupiter-engine-5.3.1.jar;C:\Users\karol\.m2\repository\org\junit\jupiter\junit-jupiter-api\5.3.1\junit-jupiter-api-5.3.1.jar;C:\Users\karol\.m2\repository\org\codehaus\groovy\groovy-testng\2.5.4\groovy-testng-2.5.4.jar;C:\Users\karol\.m2\repository\org\testng\testng\6.13.1\testng-6.13.1.jar;C:\Users\karol\.m2\repository\com\beust\jcommander\1.72\jcommander-1.72.jar;C:\Users\karol\.m2\repository\org\apache\maven\surefire\surefire-junit47\3.0.0-M3\surefire-junit47-3.0.0-M3.jar;C:\Users\karol\.m2\repository\org\apache\maven\surefire\common-java5\3.0.0-M3\common-java5-3.0.0-M3.jar;C:\Users\karol\.m2\repository\org\apache\maven\surefire\common-junit3\3.0.0-M3\common-junit3-3.0.0-M3.jar;C:\Users\karol\.m2\repository\org\apache\maven\surefire\common-junit4\3.0.0-M3\common-junit4-3.0.0-M3.jar;C:\Users\karol\.m2\repository\org\apache\maven\surefire\common-junit48\3.0.0-M3\common-junit48-3.0.0-M3.jar;C:\Users\karol\.m2\repository\org\apache\maven\surefire\surefire-grouper\3.0.0-M3\surefire-grouper-3.0.0-M3.jar"/>
    <property name="user.script" value=""/>
    <property name="sun.management.compiler" value="HotSpot 64-Bit Tiered Compilers"/>
    <property name="java.runtime.version" value="12.0.1+12"/>
    <property name="user.name" value="karol"/>
    <property name="path.separator" value=";"/>
    <property name="os.version" value="10.0"/>
    <property name="java.runtime.name" value="Java(TM) SE Runtime Environment"/>
    <property name="file.encoding" value="Cp1250"/>
    <property name="java.vm.name" value="Java HotSpot(TM) 64-Bit Server VM"/>
    <property name="localRepository" value="C:\Users\karol\.m2\repository"/>
    <property name="java.vendor.url.bug" value="https://bugreport.java.com/bugreport/"/>
    <property name="java.io.tmpdir" value="C:\Users\karol\AppData\Local\Temp\"/>
    <property name="java.version" value="12.0.1"/>
    <property name="user.dir" value="F:\Projects\rpgame\engine"/>
    <property name="os.arch" value="amd64"/>
    <property name="java.vm.specification.name" value="Java Virtual Machine Specification"/>
    <property name="sun.os.patch.level" value=""/>
    <property name="java.library.path" value="D:\Java\jdk-12.0.1\bin;C:\WINDOWS\Sun\Java\bin;C:\WINDOWS\system32;C:\WINDOWS;C:\Program Files (x86)\Common Files\Oracle\Java\javapath;C:\Program Files\Docker\Docker\Resources\bin;D:\Python\Python36-32\Scripts\;D:\Python\Python36-32\;C:\ProgramData\Oracle\Java\javapath;C:\Windows\system32;C:\Windows;C:\Windows\System32\Wbem;C:\Windows\System32\WindowsPowerShell\v1.0\;d:\Git\cmd;d:\Git\mingw64\bin;d:\Git\usr\bin;C:\WINDOWS\system32;C:\WINDOWS;C:\WINDOWS\System32\Wbem;C:\WINDOWS\System32\WindowsPowerShell\v1.0\;C:\Program Files\nodejs\;;C:\WINDOWS\System32\OpenSSH\;C:\Program Files (x86)\NVIDIA Corporation\PhysX\Common;%SystemRoot%\system32;%SystemRoot%;%SystemRoot%\System32\Wbem;%SYSTEMROOT%\System32\WindowsPowerShell\v1.0\;%SYSTEMROOT%\System32\OpenSSH\;d:\Ruby24-x64\bin;C:\Users\karol\AppData\Local\Microsoft\WindowsApps;C:\Users\karol\AppData\Roaming\npm;C:\Program Files\nodejs\;F:\maven\bin;;C:\Program Files\JetBrains\IntelliJ IDEA 2019.1.3\bin;;."/>
    <property name="java.vm.info" value="mixed mode"/>
    <property name="java.vendor" value="Oracle Corporation"/>
    <property name="java.vm.version" value="12.0.1+12"/>
    <property name="sun.io.unicode.encoding" value="UnicodeLittle"/>
    <property name="java.class.version" value="56.0"/>
  </properties>
  <testcase name="test" classname="eu.kgorecki.rpgame.engine.TesSpec" time="0.078"/>
</testsuite>